c Parsing CNF instance benchmarks/g2-hwmcc15deep-6s340rb63-k16.cnf
c Parsing DRAT proof proofs/g2-hwmcc15deep-6s340rb63-k16.COMiniSatPS_Pulsar_drup.drat
c Checking DRAT proof
s REJECTED
Detected an incorrect instruction at instruction 1825524.
Introduced clause C: -21532 -21476 -21472 0
The folowing literals were derived by unit propagation on ~C without reaching a conflict:
-123061 -110778 -74293 -74288 -66029 -63045 -61782 -58970 -58943 -58898 -58891 -58711 -54727 -50601 -50303 -50300 -50072 -50065 -50023 -49925 -49738 -49714 -45430 -45416 -45362 -45352 -45345 -45322 -45313 -45270 -44976 -43520 -43395 -43380 -43268 -42619 -42604 -42431 -42314 -42001 -41871 -41464 -41447 -41394 -41353 -30183 -30119 -30114 -30107 -30080 -30051 -30023 -30010 -29999 -29841 -29840 -29793 -29686 -29517 -29263 -29262 -29260 -29259 -26634 -26524 -24874 -22062 -21927 -21542 -21528 -21496 -21488 -21485 -21477 -21473 -21471 -21469 -21467 -21465 -21464 -21402 -21397 -21329 -21289 -17739 -17732 -17724 -15267 -11117 -11103 -11088 -11074 -11059 -11044 -11030 -11014 -10999 -10981 -10967 -10952 -10938 -10922 -10907 -10890 -10875 -10859 -10844 -10813 -10798 -10780 -10766 -10750 -10734 -10717 -10702 -10686 -10671 -10655 -10639 -10623 -10606 -10591 -10575 -10560 -10543 -10529 -10514 -10500 -10485 -10470 -10456 -10435 -10392 -10352 -10310 -10267 -10223 -10080 -10038 -9996 -9852 -9808 -9764 -9418 -9385 -9350 -9318 -9009 -8977 -8943 -8911 -8602 -8294 -7983 -7943 -7900 -7859 -7816 -7773 -7727 -7687 -7252 -7216 -6823 -6781 -6330 -6188 -5756 -5714 -5497 -5454 -5262 -5219 -5217 -5028 -4810 -4362 -4339 -3995 -3653 -3310 -3122 -3090 -3047 3092 17734 21303 21330 21398 21472 21476 21504 21508 21532 21533 21539 22063 22346 26243 26251 26647 29265 30094 30117 50031 50551 59379 59752 
C was thus decided not to be a RUP clause in the accumulated formula.
Furthermore, the following clause D was found in the accumulated formula:
21485 21472 21467 0
C and D are resolvable upon literal -21472.
The folowing literals were derived by unit propagation on ~(C \/ D \ {21472} without reaching a conflict:
-123061 -110778 -74293 -74288 -66029 -63045 -61782 -58970 -58943 -58898 -58891 -58711 -54727 -50601 -50303 -50300 -50072 -50065 -50023 -49925 -49738 -49714 -45430 -45416 -45362 -45352 -45345 -45322 -45313 -45270 -44976 -43520 -43395 -43380 -43268 -42619 -42604 -42431 -42314 -42001 -41871 -41464 -41447 -41394 -41353 -30183 -30119 -30114 -30107 -30080 -30051 -30023 -30010 -29999 -29841 -29840 -29793 -29686 -29517 -29263 -29262 -29260 -29259 -26634 -26524 -24874 -22062 -21927 -21542 -21528 -21496 -21488 -21485 -21477 -21473 -21471 -21469 -21467 -21465 -21464 -21402 -21397 -21329 -21289 -17739 -17732 -17724 -15267 -11117 -11103 -11088 -11074 -11059 -11044 -11030 -11014 -10999 -10981 -10967 -10952 -10938 -10922 -10907 -10890 -10875 -10859 -10844 -10813 -10798 -10780 -10766 -10750 -10734 -10717 -10702 -10686 -10671 -10655 -10639 -10623 -10606 -10591 -10575 -10560 -10543 -10529 -10514 -10500 -10485 -10470 -10456 -10435 -10392 -10352 -10310 -10267 -10223 -10080 -10038 -9996 -9852 -9808 -9764 -9418 -9385 -9350 -9318 -9009 -8977 -8943 -8911 -8602 -8294 -7983 -7943 -7900 -7859 -7816 -7773 -7727 -7687 -7252 -7216 -6823 -6781 -6330 -6188 -5756 -5714 -5497 -5454 -5262 -5219 -5217 -5028 -4810 -4362 -4339 -3995 -3653 -3310 -3122 -3090 -3047 3092 17734 21303 21330 21398 21472 21476 21504 21508 21532 21533 21539 22063 22346 26243 26251 26647 29265 30094 30117 50031 50551 59379 59752 
C was thus decided not to be a RAT clause in the accumulated formula upon the pivot -21472 which first occurred in C in the input DRAT proof.
nf 363619
np 3440298
nr 1
dc 1760690
ds 0
dr 413
tt 237791
tp 11486
tf 3525
tb 222779
td 1
