c Parsing CNF instance benchmarks/mp1-tri_ali_s11_c35_abio_UNS.cnf
c Parsing DRAT proof proofs/mp1-tri_ali_s11_c35_abio_UNS.Maple_LCM_Dist.drat
c Checking DRAT proof
s REJECTED
Detected an incorrect instruction at instruction 1564796.
Introduced clause C: -249 0
The folowing literals were derived by unit propagation on ~C without reaching a conflict:
-922 -918 -916 -910 -905 -901 -894 -891 -890 -889 -887 -882 -881 -878 -877 -875 -871 -870 -868 -867 -864 -860 -859 -857 -852 -849 -845 -837 -835 -834 -831 -830 -828 -822 -820 -819 -818 -817 -711 -710 -697 -696 -692 -691 -685 -679 -674 -673 -667 -661 -660 -659 -658 -657 -647 -642 -641 -637 -635 -633 -629 -623 -620 -618 -612 -605 -602 -601 -600 -585 -580 -579 -578 -577 -576 -575 -556 -551 -537 -445 -309 -292 -285 -283 -267 -261 -259 -255 -225 -205 -204 -203 -159 -120 -88 -70 -58 -56 -55 -54 -50 -30 -29 6 15 16 20 21 22 23 32 33 34 36 37 38 39 41 45 48 57 59 62 64 65 67 103 198 199 200 202 236 238 248 249 270 279 306 308 315 319 320 329 331 338 344 347 363 365 374 382 404 413 419 431 433 440 441 458 464 465 474 480 482 493 494 497 502 506 516 518 519 541 554 558 569 572 597 619 622 626 627 630 632 640 643 645 653 672 675 676 677 680 698 700 701 702 703 704 705 706 707 712 715 722 725 727 730 732 736 737 739 740 744 745 753 754 758 761 762 766 768 771 772 773 774 776 778 780 786 792 793 808 809 813 833 836 838 840 848 874 909 913 914 915 920 921 924 925 930 932 
C was thus decided not to be a RUP clause in the accumulated formula.
Furthermore, the following clause D was found in the accumulated formula:
-547 249 -23 -541 537 556 0
C and D are resolvable upon literal -249.
The folowing literals were derived by unit propagation on ~(C \/ D \ {249} without reaching a conflict:
-922 -918 -916 -910 -905 -901 -894 -891 -890 -889 -887 -882 -881 -878 -877 -875 -871 -870 -868 -867 -864 -860 -859 -857 -852 -849 -845 -837 -835 -834 -831 -830 -828 -822 -820 -819 -818 -817 -711 -710 -697 -696 -692 -691 -685 -679 -674 -673 -667 -661 -660 -659 -658 -657 -647 -642 -641 -637 -635 -633 -629 -623 -620 -618 -612 -605 -602 -601 -600 -585 -580 -579 -578 -577 -576 -575 -556 -551 -537 -445 -309 -292 -285 -283 -267 -261 -259 -255 -225 -205 -204 -203 -159 -120 -88 -70 -58 -56 -55 -54 -50 -30 -29 6 15 16 20 21 22 23 32 33 34 36 37 38 39 41 45 48 57 59 62 64 65 67 103 198 199 200 202 236 238 248 249 270 279 306 308 315 319 320 329 331 338 344 347 363 365 374 382 404 413 419 431 433 440 441 458 464 465 468 470 474 480 482 493 494 497 502 506 516 518 519 522 535 541 547 554 558 569 572 597 619 622 626 627 630 632 640 643 645 653 672 675 676 677 680 698 700 701 702 703 704 705 706 707 712 715 722 725 727 730 732 736 737 739 740 744 745 753 754 757 758 761 762 766 768 771 772 773 774 776 778 780 786 792 793 808 809 813 833 836 838 840 848 874 909 913 914 915 920 921 924 925 930 932 
C was thus decided not to be a RAT clause in the accumulated formula upon the pivot -249 which first occurred in C in the input DRAT proof.
nf 2968
np 1561829
nr 1
dc 643216
ds 0
dr 51
tt 9754
tp 4210
tf 5528
tb 14
td 0
