c Parsing CNF instance benchmarks/mp1-ps_5000_21250_3_0_0.8_0_1.50_0.cnf
c Parsing DRAT proof proofs/mp1-ps_5000_21250_3_0_0.8_0_1.50_0.Maple_LCM_Dist.drat
c Checking DRAT proof
s REJECTED
Detected an incorrect instruction at instruction 959568.
Introduced clause C: 0
The folowing literals were derived by unit propagation on ~C without reaching a conflict:
-4996 -4949 -4407 -4187 -3371 -3139 -3133 -3069 -3005 -2917 -2656 -2420 -2419 -2198 -1656 -1625 -1621 -1580 -1534 -1398 -1279 -1259 -1051 -956 -724 -722 -698 -411 -388 -377 -278 -262 -245 -223 -187 -113 -92 -82 -75 -56 -54 -53 -47 -45 -42 -36 -16 -14 -12 -9 -5 -3 1 2 4 6 7 8 10 13 15 17 18 26 95 107 203 231 260 331 513 524 603 608 616 629 683 797 851 1075 1123 1552 1587 1664 1668 1694 1748 1774 1807 1860 1990 2033 2037 2053 2273 2362 3104 3294 3307 3341 3545 3796 4345 
C was thus decided not to be a RUP clause in the accumulated formula.
Furthermore, C is the empty clause, so C cannot be a RAT.
nf 21250
np 938318
nr 0
dc 433094
ds 0
dr 22
tt 5901
tp 5173
tf 727
tb 0
td 0
