c Parsing CNF instance benchmarks/mp1-tri_ali_s11_c35_sinx_UNS.cnf
c Parsing DRAT proof proofs/mp1-tri_ali_s11_c35_sinx_UNS.glucose-4.1.drat
c Checking DRAT proof
s REJECTED
Detected an incorrect instruction at instruction 1231215.
Introduced clause C: 0
The folowing literals were derived by unit propagation on ~C without reaching a conflict:
-1146 -1115 -1084 -1053 -1022 -1021 -991 -990 -989 -988 -957 -956 -955 -954 -953 -952 -951 -950 -949 -948 -947 -946 -945 -944 -943 -942 -941 -940 -925 -924 -923 -922 -921 -920 -919 -918 -917 -916 -915 -914 -913 -912 -911 -910 -909 -908 -907 -906 -905 -893 -892 -891 -890 -889 -888 -887 -886 -885 -884 -883 -882 -881 -880 -879 -878 -877 -876 -875 -874 -862 -861 -860 -859 -858 -857 -856 -855 -854 -853 -852 -851 -850 -849 -848 -847 -846 -845 -844 -843 -831 -830 -829 -828 -827 -826 -825 -824 -823 -822 -821 -820 -819 -818 -817 -816 -815 -814 -813 -812 -797 -796 -795 -794 -793 -792 -791 -790 -789 -788 -787 -786 -785 -784 -783 -782 -781 -759 -758 -757 -756 -755 -754 -753 -752 -751 -750 -727 -726 -725 -724 -723 -722 -721 -720 -719 -690 -689 -688 -658 -657 -627 -626 -51 -40 1 6 9 14 16 17 19 22 23 25 32 34 50 52 62 68 70 72 101 102 106 116 132 133 230 231 261 262 292 293 294 323 324 325 326 327 328 354 355 356 357 358 359 360 361 385 386 387 388 389 390 391 392 417 418 419 420 421 422 423 448 449 450 451 452 453 454 479 480 481 482 483 484 485 511 512 513 514 515 516 543 544 545 546 547 574 575 576 577 578 608 609 640 672 765 
C was thus decided not to be a RUP clause in the accumulated formula.
Furthermore, C is the empty clause, so C cannot be a RAT.
nf 3535
np 1227680
nr 0
dc 603724
ds 0
dr 127
tt 5218
tp 2608
tf 2609
tb 0
td 0
