c Parsing CNF instance benchmarks/mp1-tri_ali_s11_c35_sinz_UNS.cnf
c Parsing DRAT proof proofs/mp1-tri_ali_s11_c35_sinz_UNS.glucose-4.1.drat
c Checking DRAT proof
s REJECTED
Detected an incorrect instruction at instruction 919637.
Introduced clause C: 5 766 -53 798 0
The folowing literals were derived by unit propagation on ~C without reaching a conflict:
-1147 -1145 -1143 -1142 -1140 -1138 -1137 -1135 -1134 -1133 -1131 -1130 -1128 -1126 -1124 -1122 -1115 -1114 -1113 -1112 -1110 -1108 -1106 -1105 -1104 -1102 -1101 -1100 -1098 -1096 -1094 -1092 -1080 -1078 -1076 -1074 -1072 -1070 -1068 -1066 -1064 -1062 -1060 -1048 -1046 -1044 -1042 -1040 -1038 -1036 -1034 -1032 -1030 -1014 -1012 -1010 -1008 -1006 -1004 -1002 -1000 -998 -982 -980 -978 -976 -974 -972 -970 -968 -950 -948 -946 -944 -942 -940 -938 -936 -920 -918 -916 -914 -912 -910 -908 -906 -888 -886 -884 -882 -880 -878 -876 -874 -860 -858 -856 -854 -852 -850 -848 -846 -844 -830 -798 -796 -794 -792 -790 -788 -786 -784 -782 -780 -766 -764 -762 -760 -758 -756 -754 -752 -750 -734 -732 -730 -728 -726 -724 -722 -720 -321 -227 -225 -223 -193 -163 -161 -131 -52 -43 -41 -39 -38 -11 -7 -5 -4 -3 1 2 6 8 12 13 15 17 24 26 30 37 40 42 44 45 46 48 49 53 56 60 62 69 99 101 103 105 133 135 137 165 167 169 199 201 229 231 233 235 237 239 241 243 245 247 249 250 251 261 263 265 267 269 271 273 275 277 279 280 282 291 293 295 297 299 301 303 305 307 309 311 312 323 325 327 329 331 333 335 337 339 341 343 344 361 363 365 367 369 371 373 375 393 395 397 399 401 403 405 427 429 431 433 435 436 437 463 465 466 468 496 498 528 530 560 592 622 624 654 672 704 706 708 710 712 714 716 736 738 740 742 744 746 768 770 772 774 776 778 800 832 834 836 838 840 862 864 866 868 870 894 896 898 900 902 926 928 930 932 958 960 962 964 990 992 993 994 995 1022 1023 1025 1055 1056 1057 1086 1088 1118 
C was thus decided not to be a RUP clause in the accumulated formula.
Furthermore, the following clause D was found in the accumulated formula:
-6 -5 -8 -13 -1 0
C and D are resolvable upon literal 5.
The folowing literals were derived by unit propagation on ~(C \/ D \ {-5} without reaching a conflict:
-1147 -1145 -1143 -1142 -1140 -1138 -1137 -1135 -1134 -1133 -1131 -1130 -1128 -1126 -1124 -1122 -1115 -1114 -1113 -1112 -1110 -1108 -1106 -1105 -1104 -1102 -1101 -1100 -1098 -1096 -1094 -1092 -1080 -1078 -1076 -1074 -1072 -1070 -1068 -1066 -1064 -1062 -1060 -1048 -1046 -1044 -1042 -1040 -1038 -1036 -1034 -1032 -1030 -1014 -1012 -1010 -1008 -1006 -1004 -1002 -1000 -998 -982 -980 -978 -976 -974 -972 -970 -968 -950 -948 -946 -944 -942 -940 -938 -936 -920 -918 -916 -914 -912 -910 -908 -906 -888 -886 -884 -882 -880 -878 -876 -874 -860 -858 -856 -854 -852 -850 -848 -846 -844 -830 -798 -796 -794 -792 -790 -788 -786 -784 -782 -780 -766 -764 -762 -760 -758 -756 -754 -752 -750 -734 -732 -730 -728 -726 -724 -722 -720 -321 -227 -225 -223 -193 -163 -161 -131 -52 -43 -41 -39 -38 -11 -7 -5 -4 -3 1 2 6 8 12 13 15 17 24 26 30 37 40 42 44 45 46 48 49 53 56 60 62 69 99 101 103 105 133 135 137 165 167 169 199 201 229 231 233 235 237 239 241 243 245 247 249 250 251 261 263 265 267 269 271 273 275 277 279 280 282 291 293 295 297 299 301 303 305 307 309 311 312 323 325 327 329 331 333 335 337 339 341 343 344 361 363 365 367 369 371 373 375 393 395 397 399 401 403 405 427 429 431 433 435 436 437 463 465 466 468 496 498 528 530 560 592 622 624 654 672 704 706 708 710 712 714 716 736 738 740 742 744 746 768 770 772 774 776 778 800 832 834 836 838 840 862 864 866 868 870 894 896 898 900 902 926 928 930 932 958 960 962 964 990 992 993 994 995 1022 1023 1025 1055 1056 1057 1086 1088 1118 
C was thus decided not to be a RAT clause in the accumulated formula upon the pivot 5 which first occurred in C in the input DRAT proof.
nf 2481
np 917166
nr 1
dc 440672
ds 0
dr 18
tt 3111
tp 1853
tf 1246
tb 11
td 0
