c Parsing CNF instance benchmarks/mp1-Nb5T06.cnf
c Parsing DRAT proof proofs/mp1-Nb5T06.Maple_LCM_Dist.drat
c Checking DRAT proof
s REJECTED
Detected an incorrect instruction at instruction 1498602.
Introduced clause C: -1445 -1532 -2072 -1404 -1403 -1379 -1355 -1351 0
The folowing literals were derived by unit propagation on ~C without reaching a conflict:
-1585 -1571 -1570 -1568 -1567 -1565 -1564 -1562 -1561 -1560 -1559 -1558 -1556 -1555 -1553 -1552 -1550 -1549 -1547 -1546 -1531 -1504 -1477 -1438 -1435 -1401 -1399 -1398 -1396 -1380 -1377 -1352 -1332 -1308 -1290 -1285 -1284 -1279 -1278 -1273 -1261 -1260 -1255 -1249 -1213 -1212 -1188 -1164 -1159 -1140 -1116 -1105 -1098 -1092 -1051 -1009 -1003 -997 -985 -973 -943 -889 -835 -745 -739 -733 -721 -715 -709 -511 -457 -260 -241 -236 -212 -206 -200 -193 -188 -182 -176 -170 -164 -158 -152 -146 -140 -134 -122 -116 -110 -104 -92 -86 -80 -74 -68 -62 -56 -44 -38 -26 -20 192 1217 1223 1268 1271 1351 1353 1354 1355 1356 1375 1376 1378 1379 1393 1394 1395 1397 1400 1402 1403 1404 1436 1437 1439 1440 1445 1532 1533 1535 1536 2071 2072 2073 2074 2075 2076 2098 2099 2100 2103 
C was thus decided not to be a RUP clause in the accumulated formula.
Furthermore, the following clause D was found in the accumulated formula:
-2076 1445 -1439 1438 -1440 0
C and D are resolvable upon literal -1445.
The folowing literals were derived by unit propagation on ~(C \/ D \ {1445} without reaching a conflict:
-1585 -1571 -1570 -1568 -1567 -1565 -1564 -1562 -1561 -1560 -1559 -1558 -1556 -1555 -1553 -1552 -1550 -1549 -1547 -1546 -1531 -1504 -1477 -1438 -1435 -1401 -1399 -1398 -1396 -1380 -1377 -1352 -1332 -1308 -1290 -1285 -1284 -1279 -1278 -1273 -1261 -1260 -1255 -1249 -1213 -1212 -1188 -1164 -1159 -1140 -1116 -1105 -1098 -1092 -1051 -1009 -1003 -997 -985 -973 -943 -889 -835 -745 -739 -733 -721 -715 -709 -511 -457 -260 -241 -236 -212 -206 -200 -193 -188 -182 -176 -170 -164 -158 -152 -146 -140 -134 -122 -116 -110 -104 -92 -86 -80 -74 -68 -62 -56 -44 -38 -26 -20 192 1217 1223 1268 1271 1351 1353 1354 1355 1356 1375 1376 1378 1379 1393 1394 1395 1397 1400 1402 1403 1404 1436 1437 1439 1440 1445 1532 1533 1535 1536 2071 2072 2073 2074 2075 2076 2098 2099 2100 2103 
C was thus decided not to be a RAT clause in the accumulated formula upon the pivot -1445 which first occurred in C in the input DRAT proof.
nf 9000
np 1489605
nr 1
dc 674747
ds 0
dr 27
tt 11553
tp 7826
tf 3699
tb 28
td 0
