c Parsing CNF instance benchmarks/mp1-tri_ali_s11_c35_abio_UNS.cnf
c Parsing DRAT proof proofs/mp1-tri_ali_s11_c35_abio_UNS.glucose-4.1.drat
c Checking DRAT proof
s REJECTED
Detected an incorrect instruction at instruction 1674660.
Introduced clause C: -622 0
The folowing literals were derived by unit propagation on ~C without reaching a conflict:
-916 -901 -890 -837 -835 -831 -788 -783 -765 -711 -696 -640 -635 -605 -603 -586 -427 -425 -423 -409 -373 -349 -343 -337 -335 -322 -272 -267 -261 -254 -248 -240 -232 -231 -230 -229 -212 -131 -97 -61 -41 -12 -11 6 7 15 16 17 21 26 33 37 46 78 103 138 199 200 249 269 270 271 288 290 301 303 306 307 308 319 320 324 328 329 338 347 363 365 370 382 383 389 399 401 404 413 419 431 433 439 440 441 458 462 464 466 468 473 474 488 491 492 499 500 506 511 524 530 535 537 540 546 568 569 572 573 592 594 596 597 608 610 616 619 621 622 626 632 643 645 653 670 675 676 680 682 693 695 698 699 700 701 702 703 704 705 712 713 715 720 721 727 730 737 739 748 762 769 778 785 786 787 792 804 811 833 836 838 844 862 885 904 907 909 913 914 915 920 930 
C was thus decided not to be a RUP clause in the accumulated formula.
Furthermore, the following clause D was found in the accumulated formula:
-773 622 -762 -727 -721 -723 0
C and D are resolvable upon literal -622.
The folowing literals were derived by unit propagation on ~(C \/ D \ {622} without reaching a conflict:
-916 -910 -905 -901 -894 -890 -882 -878 -868 -864 -859 -837 -835 -834 -831 -822 -820 -819 -795 -790 -788 -783 -782 -776 -772 -765 -764 -760 -758 -754 -753 -747 -742 -740 -736 -735 -734 -728 -724 -722 -716 -711 -710 -709 -707 -706 -697 -696 -692 -690 -685 -672 -667 -665 -661 -660 -659 -658 -655 -647 -642 -640 -635 -633 -629 -628 -624 -623 -612 -605 -603 -602 -601 -600 -586 -585 -580 -578 -576 -575 -553 -549 -543 -542 -538 -534 -532 -528 -490 -472 -467 -463 -461 -457 -456 -448 -447 -445 -427 -425 -423 -409 -373 -349 -343 -337 -335 -323 -322 -318 -286 -272 -268 -267 -261 -255 -254 -248 -246 -244 -240 -238 -237 -232 -231 -230 -229 -228 -227 -212 -206 -204 -131 -127 -120 -118 -113 -97 -88 -72 -70 -61 -41 -12 -11 6 7 15 16 17 18 21 26 33 37 40 46 78 103 138 199 200 201 249 269 270 271 281 288 290 294 299 301 303 306 307 308 319 320 324 328 329 338 347 363 365 370 382 383 389 399 401 404 413 419 431 433 439 440 441 458 462 464 466 468 473 474 475 486 488 491 492 493 499 500 504 506 509 511 524 530 535 537 539 540 546 547 556 568 569 572 573 592 594 596 597 608 610 616 619 621 622 626 632 643 645 652 653 670 675 676 680 681 682 693 695 698 699 700 701 702 703 704 705 712 713 715 720 721 723 725 727 730 732 737 739 744 745 748 749 755 757 761 762 769 773 774 778 780 784 785 786 787 792 793 802 803 804 811 832 833 836 838 840 844 862 885 903 904 907 909 913 914 915 920 924 925 930 
C was thus decided not to be a RAT clause in the accumulated formula upon the pivot -622 which first occurred in C in the input DRAT proof.
nf 2968
np 1671697
nr 1
dc 796736
ds 0
dr 44
tt 9264
tp 4692
tf 4545
tb 26
td 0
