c Parsing CNF instance benchmarks/mp1-tri_ali_s11_c35_sinz_UNS.cnf
c Parsing DRAT proof proofs/mp1-tri_ali_s11_c35_sinz_UNS.COMiniSatPS_Pulsar_drup.drat
c Checking DRAT proof
s REJECTED
Detected an incorrect instruction at instruction 1357639.
Introduced clause C: -42 768 -41 0
The folowing literals were derived by unit propagation on ~C without reaching a conflict:
-1145 -1143 -1142 -1140 -1114 -1113 -1112 -1110 -1108 -1106 -1105 -1104 -1102 -1101 -1100 -1098 -1096 -1094 -1092 -1082 -1080 -1078 -1076 -1074 -1072 -1070 -1068 -1066 -1064 -1062 -1060 -1044 -1042 -1040 -1038 -1036 -1034 -1032 -1030 -1014 -1012 -1010 -1008 -1006 -1004 -1002 -1000 -998 -988 -954 -952 -950 -948 -946 -944 -942 -940 -938 -936 -924 -922 -920 -918 -916 -914 -912 -910 -908 -906 -892 -890 -888 -886 -884 -882 -880 -878 -876 -874 -862 -860 -858 -856 -854 -852 -850 -848 -846 -844 -826 -824 -822 -820 -818 -816 -814 -812 -796 -794 -792 -790 -788 -786 -784 -782 -780 -768 -766 -764 -762 -760 -758 -756 -754 -752 -750 -736 -734 -732 -730 -728 -726 -724 -722 -720 -706 -696 -694 -692 -690 -688 -666 -664 -662 -660 -658 -634 -632 -630 -628 -626 -604 -602 -600 -598 -596 -568 -566 -564 -538 -536 -534 -506 -504 -502 -501 -476 -474 -472 -444 -442 -440 -410 -40 -39 -38 -37 12 16 20 22 23 24 29 30 31 32 41 42 47 48 49 50 58 59 60 69 103 105 135 203 205 237 239 261 293 295 301 327 359 389 391 393 395 397 399 401 403 405 420 421 423 425 427 429 431 433 435 436 437 455 457 459 461 463 465 466 468 486 487 488 489 490 491 492 493 494 495 496 498 518 520 522 524 526 528 530 548 550 552 554 556 558 560 588 590 592 618 620 622 624 654 684 702 738 740 742 744 746 774 776 778 804 806 808 836 838 840 866 868 870 
C was thus decided not to be a RUP clause in the accumulated formula.
Furthermore, the following clause D was found in the accumulated formula:
-1118 -768 832 -43 0
C and D are resolvable upon literal 768.
The folowing literals were derived by unit propagation on ~(C \/ D \ {-768} without reaching a conflict:
-1145 -1143 -1142 -1140 -1114 -1113 -1112 -1110 -1108 -1106 -1105 -1104 -1102 -1101 -1100 -1098 -1096 -1094 -1092 -1082 -1080 -1078 -1076 -1074 -1072 -1070 -1068 -1066 -1064 -1062 -1060 -1050 -1048 -1046 -1044 -1042 -1040 -1038 -1036 -1034 -1032 -1030 -1014 -1012 -1010 -1008 -1006 -1004 -1002 -1000 -998 -988 -954 -952 -950 -948 -946 -944 -942 -940 -938 -936 -924 -922 -920 -918 -916 -914 -912 -910 -908 -906 -892 -890 -888 -886 -884 -882 -880 -878 -876 -874 -862 -860 -858 -856 -854 -852 -850 -848 -846 -844 -832 -830 -828 -826 -824 -822 -820 -818 -816 -814 -812 -798 -796 -794 -792 -790 -788 -786 -784 -782 -780 -768 -766 -764 -762 -760 -758 -756 -754 -752 -750 -736 -734 -732 -730 -728 -726 -724 -722 -720 -706 -696 -694 -692 -690 -688 -666 -664 -662 -660 -658 -634 -632 -630 -628 -626 -604 -602 -600 -598 -596 -568 -566 -564 -538 -536 -534 -506 -504 -502 -501 -476 -474 -472 -444 -442 -440 -414 -412 -410 -380 -378 -46 -40 -39 -38 -37 12 16 19 20 22 23 24 29 30 31 32 41 42 43 47 48 49 50 58 59 60 69 103 105 135 203 205 235 237 239 261 293 295 301 325 327 357 359 389 391 393 395 397 399 401 403 405 419 420 421 423 425 427 429 431 433 435 436 437 450 452 453 455 457 459 461 463 465 466 468 485 486 487 488 489 490 491 492 493 494 495 496 498 516 518 520 522 524 526 528 530 548 550 552 554 556 558 560 578 580 582 584 586 588 590 592 618 620 622 624 648 650 652 654 680 682 684 702 738 740 742 744 746 770 772 774 776 778 804 806 808 834 836 838 840 866 868 870 896 898 900 902 1118 1119 
C was thus decided not to be a RAT clause in the accumulated formula upon the pivot 768 which first occurred in C in the input DRAT proof.
nf 2481
np 1387545
nr 1
dc 671609
ds 0
dr 29
tt 9349
tp 2703
tf 1910
tb 4735
td 0
