c Parsing CNF instance benchmarks/mp1-tri_ali_s11_c35_sinx_UNS.cnf
c Parsing DRAT proof proofs/mp1-tri_ali_s11_c35_sinx_UNS.COMiniSatPS_Pulsar_drup.drat
c Checking DRAT proof
s REJECTED
Detected an incorrect instruction at instruction 1161224.
Introduced clause C: -40 -825 0
The folowing literals were derived by unit propagation on ~C without reaching a conflict:
-1148 -1146 -1144 -1142 -1140 -1138 -1136 -1118 -1117 -1116 -1115 -1114 -1113 -1112 -1111 -1110 -1109 -1087 -1086 -1085 -1084 -1083 -1082 -1081 -1080 -1079 -1078 -1052 -1051 -1050 -1049 -1048 -1047 -1019 -1018 -1017 -1016 -988 -987 -986 -985 -955 -954 -891 -851 -850 -849 -848 -820 -819 -818 -813 -787 -786 -785 -784 -783 -782 -781 -753 -752 -751 -750 -721 -720 -719 -689 -688 -45 -44 -43 -41 -34 13 15 19 20 24 26 28 32 35 36 40 42 50 53 54 62 64 70 72 108 116 261 295 296 297 298 299 300 326 327 328 329 330 357 358 359 360 361 388 389 390 391 392 419 420 421 422 423 450 451 452 453 454 481 482 483 484 485 512 513 514 515 516 543 544 545 546 547 574 575 576 577 578 608 609 639 640 670 671 672 701 702 703 704 705 706 707 708 713 714 715 716 732 733 734 735 736 737 738 739 740 741 742 743 744 745 763 764 765 766 767 768 769 770 771 772 773 774 775 776 777 778 794 795 796 797 798 799 800 801 802 803 804 805 806 807 808 809 810 825 826 827 828 829 830 831 832 833 834 835 836 837 838 839 840 856 857 858 859 860 861 862 863 864 865 866 867 868 869 870 871 872 896 897 898 899 900 901 902 929 930 931 932 933 934 960 961 962 963 964 
C was thus decided not to be a RUP clause in the accumulated formula.
Furthermore, the following clause D was found in the accumulated formula:
-861 825 -38 -762 925 0
C and D are resolvable upon literal -825.
The folowing literals were derived by unit propagation on ~(C \/ D \ {825} without reaching a conflict:
-1150 -1148 -1146 -1144 -1142 -1140 -1138 -1136 -1119 -1118 -1117 -1116 -1115 -1114 -1113 -1112 -1111 -1110 -1109 -1087 -1086 -1085 -1084 -1083 -1082 -1081 -1080 -1079 -1078 -1053 -1052 -1051 -1050 -1049 -1048 -1047 -1021 -1020 -1019 -1018 -1017 -1016 -989 -988 -987 -986 -985 -958 -957 -956 -955 -954 -925 -924 -923 -891 -851 -850 -849 -848 -823 -822 -821 -820 -819 -818 -813 -792 -791 -790 -789 -788 -787 -786 -785 -784 -783 -782 -781 -761 -760 -759 -758 -757 -756 -755 -754 -753 -752 -751 -750 -730 -729 -728 -727 -726 -725 -724 -723 -722 -721 -720 -719 -697 -696 -695 -694 -693 -692 -691 -690 -689 -688 -666 -665 -664 -663 -662 -661 -660 -659 -658 -657 -634 -633 -632 -631 -630 -629 -628 -627 -626 -603 -602 -601 -600 -599 -598 -597 -596 -595 -571 -570 -569 -568 -567 -566 -565 -564 -563 -539 -538 -537 -536 -535 -534 -533 -508 -507 -506 -505 -504 -503 -502 -501 -477 -476 -475 -474 -473 -472 -471 -446 -445 -444 -443 -442 -441 -440 -439 -415 -414 -413 -412 -411 -410 -409 -384 -383 -382 -381 -380 -379 -378 -377 -350 -349 -348 -347 -318 -317 -316 -315 -286 -285 -66 -63 -61 -55 -52 -51 -45 -44 -43 -41 -34 13 15 19 20 21 22 24 26 28 31 32 35 36 38 40 42 50 53 54 62 64 65 70 72 108 116 261 295 296 297 298 299 300 326 327 328 329 330 357 358 359 360 361 388 389 390 391 392 419 420 421 422 423 450 451 452 453 454 481 482 483 484 485 512 513 514 515 516 543 544 545 546 547 574 575 576 577 578 606 607 608 609 637 638 639 640 668 669 670 671 672 700 701 702 703 704 705 706 707 708 713 714 715 716 731 732 733 734 735 736 737 738 739 740 741 742 743 744 745 762 763 764 765 766 767 768 769 770 771 772 773 774 775 776 777 778 794 795 796 797 798 799 800 801 802 803 804 805 806 807 808 809 810 825 826 827 828 829 830 831 832 833 834 835 836 837 838 839 840 856 857 858 859 860 861 862 863 864 865 866 867 868 869 870 871 872 895 896 897 898 899 900 901 902 926 927 928 929 930 931 932 933 934 959 960 961 962 963 964 990 991 992 993 994 995 996 1024 1025 1026 1056 1057 1088 1089 
C was thus decided not to be a RAT clause in the accumulated formula upon the pivot -825 which first occurred in C in the input DRAT proof.
nf 3535
np 1161347
nr 1
dc 557192
ds 0
dr 209
tt 5482
tp 2294
tf 1786
tb 1401
td 0
