c Parsing CNF instance benchmarks/mp1-tri_ali_s11_c35_sinx_UNS.cnf
c Parsing DRAT proof proofs/mp1-tri_ali_s11_c35_sinx_UNS.Maple_LCM_Dist.drat
c Checking DRAT proof
s REJECTED
Detected an incorrect instruction at instruction 1098846.
Introduced clause C: 0
The folowing literals were derived by unit propagation on ~C without reaching a conflict:
-1150 -1119 -1118 -1117 -1086 -1085 -1084 -1051 -1021 -891 -890 -889 -888 -860 -859 -858 -857 -856 -829 -828 -827 -826 -825 -824 -823 -822 -821 -820 -819 -796 -795 -794 -793 -792 -791 -790 -789 -788 -787 -786 -785 -784 -783 -782 -781 -765 -764 -763 -762 -761 -760 -759 -758 -757 -756 -755 -754 -753 -752 -751 -750 -734 -733 -732 -731 -730 -729 -728 -727 -726 -725 -724 -723 -722 -721 -720 -719 -701 -700 -699 -698 -697 -696 -695 -694 -693 -692 -691 -690 -689 -688 -667 -666 -665 -664 -663 -662 -661 -660 -659 -658 -657 -636 -635 -634 -633 -632 -631 -630 -629 -628 -627 -626 -604 -603 -602 -601 -600 -599 -598 -597 -596 -595 -573 -572 -571 -570 -569 -568 -567 -566 -565 -564 -563 -537 -536 -535 -534 -533 -506 -505 -504 -503 -502 -501 -475 -474 -473 -472 -471 -440 -439 -63 -62 -60 -55 -51 -50 -37 11 15 20 21 22 28 29 36 40 41 45 47 48 49 52 61 65 70 96 102 117 127 135 166 167 169 199 201 230 231 261 264 295 297 327 329 330 331 360 362 364 366 391 392 393 396 397 422 423 424 427 429 457 458 459 460 461 491 492 494 522 524 526 528 556 557 558 560 589 591 621 624 654 686 702 748 778 861 893 895 924 955 956 957 988 989 990 991 992 993 1024 1025 1026 1055 1056 1057 1087 1088 1089 
C was thus decided not to be a RUP clause in the accumulated formula.
Furthermore, C is the empty clause, so C cannot be a RAT.
nf 3535
np 1095311
nr 0
dc 437758
ds 0
dr 378
tt 5418
tp 2455
tf 2963
tb 0
td 0
