c Parsing CNF instance benchmarks/mp1-Nb6T06.cnf
c Parsing DRAT proof proofs/mp1-Nb6T06.Maple_LCM_Dist.drat
c Checking DRAT proof
s REJECTED
Detected an incorrect instruction at instruction 1231532.
Introduced clause C: 3554 0
The folowing literals were derived by unit propagation on ~C without reaching a conflict:
-3568 -3565 -3562 -3559 -3556 -3554 -3553 -3550 -3547 -3544 -3541 -3538 -3370 -3367 -3364 -3361 -3358 -3356 -3355 -3352 -3349 -3346 -3343 -3340 -3172 -3169 -3166 -3163 -3160 -3158 -3157 -3154 -3151 -3148 -3145 -3142 -2974 -2971 -2968 -2965 -2962 -2960 -2959 -2956 -2953 -2950 -2947 -2944 -2776 -2773 -2770 -2767 -2764 -2762 -2761 -2758 -2755 -2752 -2749 -2746 -2578 -2575 -2572 -2569 -2566 -2564 -2563 -2560 -2557 -2554 -2551 -2548 -2483 -2481 -2434 -2432 -2420 -2419 -2408 -2348 -2336 -2330 -2324 -2288 -2276 -2252 -2240 -2228 -2204 -2192 -2180 -2156 -2144 -2138 -2132 -2108 -2101 -2096 -2089 -2084 -2077 -2071 -2065 -2060 -2053 -2047 -2030 -2018 -2012 -2006 -1982 -1844 -1832 -1808 -1802 -1784 -1712 -1705 -1700 -1693 -1687 -1682 -1676 -1669 -1663 -1657 -1651 -1430 -1388 -1315 -1310 -1303 -1297 -1292 -1286 -1280 -1273 -1267 -1262 -1256 -1052 -1046 -1040 -1034 -1028 -1022 -1016 -1010 -1004 -998 -992 -919 -913 -908 -902 -896 -889 -884 -878 -871 -865 -860 -656 -650 -644 -638 -632 -626 -620 -614 -608 -602 -596 -524 -518 -511 -506 -500 -494 -488 -482 -476 -470 -464 -260 -254 -248 -242 -236 -230 -218 -212 -206 -127 -122 -116 -110 -104 -98 -92 -86 -80 -74 -68 2209 2396 2398 2407 2409 2410 2431 2436 2444 2445 2446 2479 2480 2482 2484 2494 3619 3620 3621 
C was thus decided not to be a RUP clause in the accumulated formula.
Furthermore, the following clause D was found in the accumulated formula:
3553 -3554 2481 0
C and D are resolvable upon literal 3554.
The folowing literals were derived by unit propagation on ~(C \/ D \ {-3554} without reaching a conflict:
-3568 -3565 -3562 -3559 -3556 -3554 -3553 -3550 -3547 -3544 -3541 -3538 -3370 -3367 -3364 -3361 -3358 -3356 -3355 -3352 -3349 -3346 -3343 -3340 -3172 -3169 -3166 -3163 -3160 -3158 -3157 -3154 -3151 -3148 -3145 -3142 -2974 -2971 -2968 -2965 -2962 -2960 -2959 -2956 -2953 -2950 -2947 -2944 -2776 -2773 -2770 -2767 -2764 -2762 -2761 -2758 -2755 -2752 -2749 -2746 -2578 -2575 -2572 -2569 -2566 -2564 -2563 -2560 -2557 -2554 -2551 -2548 -2483 -2481 -2434 -2432 -2420 -2419 -2408 -2348 -2336 -2330 -2324 -2288 -2276 -2252 -2240 -2228 -2204 -2192 -2180 -2156 -2144 -2138 -2132 -2108 -2101 -2096 -2089 -2084 -2077 -2071 -2065 -2060 -2053 -2047 -2030 -2018 -2012 -2006 -1982 -1844 -1832 -1808 -1802 -1784 -1712 -1705 -1700 -1693 -1687 -1682 -1676 -1669 -1663 -1657 -1651 -1430 -1388 -1315 -1310 -1303 -1297 -1292 -1286 -1280 -1273 -1267 -1262 -1256 -1052 -1046 -1040 -1034 -1028 -1022 -1016 -1010 -1004 -998 -992 -919 -913 -908 -902 -896 -889 -884 -878 -871 -865 -860 -656 -650 -644 -638 -632 -626 -620 -614 -608 -602 -596 -524 -518 -511 -506 -500 -494 -488 -482 -476 -470 -464 -260 -254 -248 -242 -236 -230 -218 -212 -206 -127 -122 -116 -110 -104 -98 -92 -86 -80 -74 -68 2209 2396 2398 2407 2409 2410 2431 2436 2444 2445 2446 2479 2480 2482 2484 2494 3619 3620 3621 
C was thus decided not to be a RAT clause in the accumulated formula upon the pivot 3554 which first occurred in C in the input DRAT proof.
nf 15840
np 1215694
nr 1
dc 539675
ds 0
dr 12
tt 14933
tp 11140
tf 3785
tb 7
td 0
