c Parsing CNF instance benchmarks/mp1-Nb6T06.cnf
c Parsing DRAT proof proofs/mp1-Nb6T06.glucose-4.1.drat
c Checking DRAT proof
s REJECTED
Detected an incorrect instruction at instruction 1479558.
Introduced clause C: 0
The folowing literals were derived by unit propagation on ~C without reaching a conflict:
-3535 -3532 -3529 -3526 -3523 -3520 -3517 -3514 -3511 -3508 -3337 -3334 -3331 -3328 -3325 -3322 -3319 -3316 -3313 -3310 -3139 -3136 -3133 -3130 -3127 -3124 -3121 -3118 -3115 -3112 -2941 -2938 -2935 -2932 -2929 -2926 -2923 -2920 -2917 -2914 -2743 -2740 -2737 -2734 -2731 -2728 -2725 -2722 -2719 -2716 -2664 -2631 -2598 -2565 -2547 -2546 -2545 -2544 -2543 -2542 -2541 -2540 -2539 -2538 -2537 -2536 -2535 -2534 -2533 -2532 -2531 -2530 -2529 -2528 -2527 -2526 -2525 -2524 -2523 -2522 -2521 -2520 -2519 -2518 -2509 -2503 -2497 -2491 -2485 -2483 -2479 -2473 -2467 -2461 -2455 -2417 -2416 -2414 -2382 -2379 -2371 -2365 -2359 -2353 -2341 -2317 -2305 -2299 -2293 -2281 -2269 -2263 -2257 -2233 -2221 -2215 -2209 -2197 -2185 -2173 -2167 -2161 -2149 -2125 -2119 -2101 -2089 -2077 -2071 -2065 -2053 -2045 -2041 -2039 -2035 -2030 -2027 -2023 -2018 -2012 -2009 -2006 -2003 -1999 -1993 -1991 -1987 -1982 -1975 -1963 -1951 -1945 -1939 -1927 -1903 -1897 -1891 -1879 -1867 -1855 -1837 -1825 -1819 -1813 -1795 -1789 -1777 -1765 -1729 -1723 -1705 -1693 -1687 -1669 -1663 -1657 -1646 -1643 -1639 -1634 -1631 -1628 -1625 -1622 -1615 -1609 -1607 -1603 -1598 -1595 -1592 -1589 -1586 -1579 -1573 -1567 -1561 -1555 -1549 -1543 -1531 -1513 -1507 -1495 -1489 -1471 -1465 -1459 -1447 -1441 -1435 -1423 -1417 -1411 -1405 -1399 -1393 -1375 -1369 -1363 -1351 -1345 -1339 -1327 -1315 -1303 -1297 -1273 -1267 -1253 -1249 -1243 -1241 -1237 -1235 -1232 -1225 -1219 -1217 -1213 -1208 -1202 -1195 -1193 -1190 -961 -919 -913 -889 -871 -865 -857 -853 -848 -842 -836 -830 -824 -818 -815 -812 -806 -800 -794 -787 -775 -511 -461 -457 -455 -452 -449 -445 -443 -439 -437 -433 -427 -425 -422 -419 -416 -409 -404 -398 -390 -384 -378 -373 -372 -367 -366 -361 -360 -354 -348 -342 -336 -330 -324 -318 -312 -306 -300 -294 -288 -282 -276 -270 -264 -258 -252 -246 -240 -234 -223 -210 -204 -198 -192 -186 -180 -174 -168 -162 -156 -150 -144 -138 -132 -127 -126 -120 -102 -96 -90 -84 -78 -72 -66 -62 -60 -56 -53 -50 -48 -44 -42 -38 -36 -31 -30 -26 -24 -20 -18 -14 -12 -8 -6 -2 1224 2377 2378 2380 2381 2396 2397 2398 2400 2413 2415 2418 2427 2449 2475 2477 2478 2480 2481 2482 2484 2515 2516 2517 2697 3122 3123 3125 3126 
C was thus decided not to be a RUP clause in the accumulated formula.
Furthermore, C is the empty clause, so C cannot be a RAT.
nf 15840
np 1463718
nr 0
dc 723122
ds 0
dr 13
tt 8739
tp 3948
tf 4791
tb 0
td 0
