c Parsing CNF instance benchmarks/mp1-tri_ali_s11_c35_sinz_UNS.cnf
c Parsing DRAT proof proofs/mp1-tri_ali_s11_c35_sinz_UNS.Maple_LCM_Dist.drat
c Checking DRAT proof
s REJECTED
Detected an incorrect instruction at instruction 1702308.
Introduced clause C: 858 952 46 30 -35 21 -61 892 0
The folowing literals were derived by unit propagation on ~C without reaching a conflict:
-1147 -1145 -1143 -1116 -1115 -1114 -1113 -1112 -1110 -1108 -1084 -1082 -1080 -1078 -1076 -1074 -1072 -1050 -1048 -1046 -1044 -1042 -1040 -1038 -1036 -1034 -1032 -1018 -1016 -1014 -1012 -1010 -1008 -1006 -1004 -1002 -1000 -986 -984 -982 -980 -978 -976 -974 -972 -970 -968 -956 -954 -952 -950 -948 -946 -944 -942 -940 -938 -936 -922 -920 -918 -916 -914 -912 -910 -908 -906 -892 -890 -888 -886 -884 -882 -880 -878 -876 -874 -860 -858 -856 -854 -852 -850 -848 -846 -844 -828 -826 -824 -822 -820 -818 -816 -814 -812 -796 -794 -792 -790 -788 -786 -784 -782 -780 -764 -762 -760 -758 -756 -754 -752 -750 -732 -730 -728 -726 -724 -722 -720 -702 -700 -698 -696 -694 -692 -690 -688 -670 -668 -666 -664 -662 -660 -658 -640 -638 -636 -634 -632 -630 -628 -626 -608 -606 -604 -602 -600 -598 -596 -576 -574 -572 -570 -568 -566 -564 -544 -543 -542 -540 -538 -536 -534 -511 -510 -508 -506 -504 -502 -501 -479 -478 -476 -474 -472 -447 -446 -444 -442 -440 -415 -414 -412 -410 -380 -378 -46 -44 -30 -21 16 20 23 25 29 32 33 35 36 37 39 41 43 45 51 60 61 69 85 103 121 127 135 167 199 261 293 295 325 357 389 672 674 676 678 680 682 684 704 706 708 710 712 714 716 736 738 740 742 744 746 768 770 772 774 776 778 800 802 804 806 808 832 834 836 838 840 868 870 900 902 
C was thus decided not to be a RUP clause in the accumulated formula.
Furthermore, the following clause D was found in the accumulated formula:
-60 -892 30 -61 46 0
C and D are resolvable upon literal 892.
The folowing literals were derived by unit propagation on ~(C \/ D \ {-892} without reaching a conflict:
-1147 -1145 -1143 -1116 -1115 -1114 -1113 -1112 -1110 -1108 -1084 -1082 -1080 -1078 -1076 -1074 -1072 -1050 -1048 -1046 -1044 -1042 -1040 -1038 -1036 -1034 -1032 -1018 -1016 -1014 -1012 -1010 -1008 -1006 -1004 -1002 -1000 -986 -984 -982 -980 -978 -976 -974 -972 -970 -968 -956 -954 -952 -950 -948 -946 -944 -942 -940 -938 -936 -922 -920 -918 -916 -914 -912 -910 -908 -906 -892 -890 -888 -886 -884 -882 -880 -878 -876 -874 -860 -858 -856 -854 -852 -850 -848 -846 -844 -828 -826 -824 -822 -820 -818 -816 -814 -812 -796 -794 -792 -790 -788 -786 -784 -782 -780 -764 -762 -760 -758 -756 -754 -752 -750 -732 -730 -728 -726 -724 -722 -720 -702 -700 -698 -696 -694 -692 -690 -688 -670 -668 -666 -664 -662 -660 -658 -640 -638 -636 -634 -632 -630 -628 -626 -608 -606 -604 -602 -600 -598 -596 -576 -574 -572 -570 -568 -566 -564 -544 -543 -542 -540 -538 -536 -534 -511 -510 -508 -506 -504 -502 -501 -479 -478 -476 -474 -472 -447 -446 -444 -442 -440 -415 -414 -412 -410 -380 -378 -46 -44 -30 -21 16 20 23 25 29 32 33 35 36 37 39 41 43 45 51 60 61 69 85 103 121 127 135 167 199 261 293 295 325 357 389 672 674 676 678 680 682 684 704 706 708 710 712 714 716 736 738 740 742 744 746 768 770 772 774 776 778 800 802 804 806 808 832 834 836 838 840 868 870 900 902 
C was thus decided not to be a RAT clause in the accumulated formula upon the pivot 892 which first occurred in C in the input DRAT proof.
nf 2481
np 1718434
nr 1
dc 687012
ds 0
dr 15
tt 13057
tp 3361
tf 5097
tb 4598
td 0
